\BOOKMARK [1][-]{section.1}{\376\377\176\352\213\272}{}% 1
\BOOKMARK [2][-]{subsection.1.1}{\376\377\170\024\172\166\200\314\146\157\116\016\141\017\116\111}{section.1}% 2
\BOOKMARK [2][-]{subsection.1.2}{\376\377\126\375\121\205\131\026\163\260\162\266}{section.1}% 3
\BOOKMARK [3][-]{subsubsection.1.2.1}{\376\377\127\060\137\142\156\062\147\323\142\200\147\057}{subsection.1.2}% 4
\BOOKMARK [2][-]{subsection.1.3}{\376\377\147\054\145\207\176\304\176\307\176\323\147\204}{section.1}% 5
\BOOKMARK [1][-]{section.2}{\376\377\145\160\133\146\116\016\164\006\213\272\127\372\170\100}{}% 6
\BOOKMARK [2][-]{subsection.2.1}{\376\377\237\120\153\041\127\120\150\007\116\016\123\330\143\142\167\351\226\065}{section.2}% 7
\BOOKMARK [3][-]{subsubsection.2.1.1}{\376\377\152\041\127\213\167\351\226\065\000\040\000\050\000M\000o\000d\000e\000l\000\040\000M\000a\000t\000r\000i\000x\000\051}{subsection.2.1}% 8
\BOOKMARK [3][-]{subsubsection.2.1.2}{\376\377\211\306\126\376\167\351\226\065\000\040\000\050\000V\000i\000e\000w\000\040\000M\000a\000t\000r\000i\000x\000\051}{subsection.2.1}% 9
\BOOKMARK [3][-]{subsubsection.2.1.3}{\376\377\142\225\137\161\167\351\226\065\000\040\000\050\000P\000r\000o\000j\000e\000c\000t\000i\000o\000n\000\040\000M\000a\000t\000r\000i\000x\000\051}{subsection.2.1}% 10
\BOOKMARK [2][-]{subsection.2.2}{\376\377\121\111\161\147\152\041\127\213\164\006\213\272}{section.2}% 11
\BOOKMARK [3][-]{subsubsection.2.2.1}{\376\377\163\257\130\203\121\111\000\040\000\050\000A\000m\000b\000i\000e\000n\000t\000\051}{subsection.2.2}% 12
\BOOKMARK [3][-]{subsubsection.2.2.2}{\376\377\157\053\123\315\134\004\000\040\000\050\000D\000i\000f\000f\000u\000s\000e\000\051}{subsection.2.2}% 13
\BOOKMARK [3][-]{subsubsection.2.2.3}{\376\377\225\134\227\142\121\111\000\040\000\050\000S\000p\000e\000c\000u\000l\000a\000r\000\051}{subsection.2.2}% 14
\BOOKMARK [2][-]{subsection.2.3}{\376\377\126\152\130\360\173\227\154\325\123\237\164\006}{section.2}% 15
\BOOKMARK [3][-]{subsubsection.2.3.1}{\376\377\116\000\176\364\126\152\130\360\116\016\143\322\120\074}{subsection.2.3}% 16
\BOOKMARK [3][-]{subsubsection.2.3.2}{\376\377\122\006\137\142\136\003\147\027\217\320\122\250\000\040\000\050\000F\000B\000M\000\051}{subsection.2.3}% 17
\BOOKMARK [1][-]{section.3}{\376\377\174\373\176\337\147\266\147\204\213\276\213\241}{}% 18
\BOOKMARK [2][-]{subsection.3.1}{\376\377\213\276\213\241\123\237\122\031}{section.3}% 19
\BOOKMARK [2][-]{subsection.3.2}{\376\377\152\041\127\127\122\022\122\006}{section.3}% 20
\BOOKMARK [2][-]{subsection.3.3}{\376\377\174\173\126\376\116\016\121\163\174\373}{section.3}% 21
\BOOKMARK [2][-]{subsection.3.4}{\376\377\150\070\137\303\174\173\213\346\176\306\213\276\213\241}{section.3}% 22
\BOOKMARK [3][-]{subsubsection.3.4.1}{\376\377\000W\000i\000n\000d\000o\000w\000\040\174\173}{subsection.3.4}% 23
\BOOKMARK [3][-]{subsubsection.3.4.2}{\376\377\000S\000h\000a\000d\000e\000r\000\040\174\173}{subsection.3.4}% 24
\BOOKMARK [3][-]{subsubsection.3.4.3}{\376\377\000C\000a\000m\000e\000r\000a\000\040\174\173}{subsection.3.4}% 25
\BOOKMARK [1][-]{section.4}{\376\377\145\340\226\120\127\060\137\142\174\373\176\337\133\236\163\260}{}% 26
\BOOKMARK [2][-]{subsection.4.1}{\376\377\123\072\127\127\123\026\000\040\000\050\000C\000h\000u\000n\000k\000i\000n\000g\000\051\000\040\173\126\165\145}{section.4}% 27
\BOOKMARK [2][-]{subsection.4.2}{\376\377\127\060\137\142\145\160\143\156\166\204\147\204\136\372}{section.4}% 28
\BOOKMARK [2][-]{subsection.4.3}{\376\377\154\325\176\277\213\241\173\227\176\306\202\202}{section.4}% 29
\BOOKMARK [2][-]{subsection.4.4}{\376\377\217\307\172\013\123\026\176\271\164\006\167\100\202\162}{section.4}% 30
\BOOKMARK [1][-]{section.5}{\376\377\156\062\147\323\116\016\167\100\202\162\142\200\147\057}{}% 31
\BOOKMARK [2][-]{subsection.5.1}{\376\377\167\100\202\162\126\150\173\241\176\277}{section.5}% 32
\BOOKMARK [3][-]{subsubsection.5.1.1}{\376\377\230\166\160\271\167\100\202\162\126\150\000\040\000\050\000V\000e\000r\000t\000e\000x\000\040\000S\000h\000a\000d\000e\000r\000\051}{subsection.5.1}% 33
\BOOKMARK [3][-]{subsubsection.5.1.2}{\376\377\162\107\153\265\167\100\202\162\126\150\000\040\000\050\000F\000r\000a\000g\000m\000e\000n\000t\000\040\000S\000h\000a\000d\000e\000r\000\051}{subsection.5.1}% 34
\BOOKMARK [2][-]{subsection.5.2}{\376\377\215\335\171\273\226\376\000\040\000\050\000D\000i\000s\000t\000a\000n\000c\000e\000\040\000F\000o\000g\000\051}{section.5}% 35
\BOOKMARK [2][-]{subsection.5.3}{\376\377\131\051\172\172\166\322\000\040\000\050\000S\000k\000y\000b\000o\000x\000\051}{section.5}% 36
\BOOKMARK [1][-]{section.6}{\376\377\162\151\164\006\116\016\116\244\116\222\174\373\176\337}{}% 37
\BOOKMARK [2][-]{subsection.6.1}{\376\377\230\336\210\114\143\247\122\066\220\073\217\221}{section.6}% 38
\BOOKMARK [3][-]{subsubsection.6.1.1}{\376\377\127\120\150\007\174\373\133\232\116\111}{subsection.6.1}% 39
\BOOKMARK [3][-]{subsubsection.6.1.2}{\376\377\217\223\121\145\124\315\136\224}{subsection.6.1}% 40
\BOOKMARK [2][-]{subsection.6.2}{\376\377\144\104\120\317\147\072\215\337\226\217\173\227\154\325}{section.6}% 41
\BOOKMARK [1][-]{section.7}{\376\377\155\113\213\325\060\001\122\006\147\220\116\016\117\030\123\026}{}% 42
\BOOKMARK [2][-]{subsection.7.1}{\376\377\137\000\123\321\163\257\130\203}{section.7}% 43
\BOOKMARK [2][-]{subsection.7.2}{\376\377\140\047\200\375\122\006\147\220}{section.7}% 44
\BOOKMARK [3][-]{subsubsection.7.2.1}{\376\377\136\047\163\207\155\113\213\325}{subsection.7.2}% 45
\BOOKMARK [3][-]{subsubsection.7.2.2}{\376\377\165\037\142\020\145\366\136\366}{subsection.7.2}% 46
\BOOKMARK [2][-]{subsection.7.3}{\376\377\220\107\122\060\166\204\225\356\230\230\116\016\211\343\121\263\145\271\150\110}{section.7}% 47
\BOOKMARK [3][-]{subsubsection.7.3.1}{\376\377\000Z\000-\000F\000i\000g\000h\000t\000i\000n\000g\000\040\000\050\155\361\136\246\121\262\172\201\000\051}{subsection.7.3}% 48
\BOOKMARK [3][-]{subsubsection.7.3.2}{\376\377\000F\000l\000o\000a\000t\000i\000n\000g\000\040\000P\000o\000i\000n\000t\000\040\000J\000i\000t\000t\000e\000r\000\040\000\050\131\047\127\120\150\007\142\226\122\250\000\051}{subsection.7.3}% 49
\BOOKMARK [1][-]{section.8}{\376\377\140\073\176\323\116\016\134\125\147\033}{}% 50
\BOOKMARK [2][-]{subsection.8.1}{\376\377\135\345\117\134\140\073\176\323}{section.8}% 51
\BOOKMARK [2][-]{subsection.8.2}{\376\377\147\052\147\145\134\125\147\033}{section.8}% 52
